2020-07-21 22:59:48.272 INFO  [main] [o.s.boot.SpringApplication.logStartupProfileInfo] (SpringApplication.java:655) The following profiles are active: dev
2020-07-21 22:59:49.055 WARN  [main] [o.s.boot.actuate.endpoint.EndpointId.logWarning] (EndpointId.java:155) Endpoint ID 'service-registry' contains invalid characters, please migrate to a valid format.
2020-07-21 22:59:49.190 INFO  [main] [o.s.cloud.context.scope.GenericScope.setSerializationId] (GenericScope.java:295) BeanFactory id=98cf1a6f-5722-382d-8061-89fbf94899d6
2020-07-21 22:59:49.703 INFO  [main] [o.s.b.w.e.tomcat.TomcatWebServer.initialize] (TomcatWebServer.java:92) Tomcat initialized with port(s): 8083 (http)
2020-07-21 22:59:49.714 INFO  [main] [org.apache.juli.logging.DirectJDKLog.log] (DirectJDKLog.java:173) Initializing ProtocolHandler ["http-nio-8083"]
2020-07-21 22:59:49.715 INFO  [main] [org.apache.juli.logging.DirectJDKLog.log] (DirectJDKLog.java:173) Starting service [Tomcat]
2020-07-21 22:59:49.715 INFO  [main] [org.apache.juli.logging.DirectJDKLog.log] (DirectJDKLog.java:173) Starting Servlet engine: [Apache Tomcat/9.0.30]
2020-07-21 22:59:49.822 INFO  [main] [org.apache.juli.logging.DirectJDKLog.log] (DirectJDKLog.java:173) Initializing Spring embedded WebApplicationContext
2020-07-21 22:59:49.822 INFO  [main] [o.s.b.w.s.c.ServletWebServerApplicationContext.prepareWebApplicationContext] (ServletWebServerApplicationContext.java:284) Root WebApplicationContext: initialization completed in 1529 ms
2020-07-21 22:59:49.896 WARN  [main] [c.n.c.sources.URLConfigurationSource.<init>] (URLConfigurationSource.java:121) No URLs will be polled as dynamic configuration sources.
2020-07-21 22:59:49.896 INFO  [main] [c.n.c.sources.URLConfigurationSource.<init>] (URLConfigurationSource.java:122) To enable URLs as dynamic configuration sources, define System property archaius.configurationSource.additionalUrls or make config.properties available on classpath.
2020-07-21 22:59:49.915 INFO  [main] [c.n.config.DynamicPropertyFactory.getInstance] (DynamicPropertyFactory.java:281) DynamicPropertyFactory is initialized with configuration sources: com.netflix.config.ConcurrentCompositeConfiguration@5d43409a
2020-07-21 22:59:50.316 INFO  [main] [c.s.j.s.i.a.WebApplicationImpl._initiate] (WebApplicationImpl.java:815) Initiating Jersey application, version 'Jersey: 1.19.1 03/11/2016 02:08 PM'
2020-07-21 22:59:50.381 INFO  [main] [c.n.d.p.DiscoveryJerseyProvider.<init>] (DiscoveryJerseyProvider.java:70) Using JSON encoding codec LegacyJacksonJson
2020-07-21 22:59:50.383 INFO  [main] [c.n.d.p.DiscoveryJerseyProvider.<init>] (DiscoveryJerseyProvider.java:71) Using JSON decoding codec LegacyJacksonJson
2020-07-21 22:59:50.527 INFO  [main] [c.n.d.p.DiscoveryJerseyProvider.<init>] (DiscoveryJerseyProvider.java:80) Using XML encoding codec XStreamXml
2020-07-21 22:59:50.527 INFO  [main] [c.n.d.p.DiscoveryJerseyProvider.<init>] (DiscoveryJerseyProvider.java:81) Using XML decoding codec XStreamXml
2020-07-21 22:59:50.868 WARN  [main] [c.n.c.sources.URLConfigurationSource.<init>] (URLConfigurationSource.java:121) No URLs will be polled as dynamic configuration sources.
2020-07-21 22:59:50.868 INFO  [main] [c.n.c.sources.URLConfigurationSource.<init>] (URLConfigurationSource.java:122) To enable URLs as dynamic configuration sources, define System property archaius.configurationSource.additionalUrls or make config.properties available on classpath.
2020-07-21 22:59:51.086 INFO  [main] [o.s.s.c.ExecutorConfigurationSupport.initialize] (ExecutorConfigurationSupport.java:171) Initializing ExecutorService 'applicationTaskExecutor'
2020-07-21 22:59:51.415 WARN  [main] [o.s.c.l.c.BlockingLoadBalancerClientAutoConfiguration$BlockingLoadBalancerClientRibbonWarnLogger.logWarning] (BlockingLoadBalancerClientAutoConfiguration.java:86) You already have RibbonLoadBalancerClient on your classpath. It will be used by default. As Spring Cloud Ribbon is in maintenance mode. We recommend switching to BlockingLoadBalancerClient instead. In order to use it, set the value of `spring.cloud.loadbalancer.ribbon.enabled` to `false` or remove spring-cloud-starter-netflix-ribbon from your project.
2020-07-21 22:59:51.458 INFO  [main] [o.s.c.n.eureka.InstanceInfoFactory.create] (InstanceInfoFactory.java:72) Setting initial instance status as: STARTING
2020-07-21 22:59:51.494 INFO  [main] [c.netflix.discovery.DiscoveryClient.<init>] (DiscoveryClient.java:368) Initializing Eureka in region us-east-1
2020-07-21 22:59:51.495 INFO  [main] [c.netflix.discovery.DiscoveryClient.<init>] (DiscoveryClient.java:371) Client configured to neither register nor query for data.
2020-07-21 22:59:51.507 INFO  [main] [c.netflix.discovery.DiscoveryClient.<init>] (DiscoveryClient.java:384) Discovery Client initialized at timestamp 1595343591506 with initial instances count: 0
2020-07-21 22:59:51.550 INFO  [main] [c.n.e.DefaultEurekaServerContext.initialize] (DefaultEurekaServerContext.java:66) Initializing ...
2020-07-21 22:59:51.553 INFO  [main] [c.n.eureka.cluster.PeerEurekaNodes.updatePeerEurekaNodes] (PeerEurekaNodes.java:187) Adding new peer nodes [http://127.0.0.1:8083/eureka/]
2020-07-21 22:59:51.770 INFO  [main] [c.n.d.p.DiscoveryJerseyProvider.<init>] (DiscoveryJerseyProvider.java:70) Using JSON encoding codec LegacyJacksonJson
2020-07-21 22:59:51.770 INFO  [main] [c.n.d.p.DiscoveryJerseyProvider.<init>] (DiscoveryJerseyProvider.java:71) Using JSON decoding codec LegacyJacksonJson
2020-07-21 22:59:51.770 INFO  [main] [c.n.d.p.DiscoveryJerseyProvider.<init>] (DiscoveryJerseyProvider.java:80) Using XML encoding codec XStreamXml
2020-07-21 22:59:51.770 INFO  [main] [c.n.d.p.DiscoveryJerseyProvider.<init>] (DiscoveryJerseyProvider.java:81) Using XML decoding codec XStreamXml
2020-07-21 22:59:51.881 INFO  [main] [c.n.eureka.cluster.PeerEurekaNodes.start] (PeerEurekaNodes.java:109) Replica node URL:  http://127.0.0.1:8083/eureka/
2020-07-21 22:59:51.888 INFO  [main] [c.n.e.r.AbstractInstanceRegistry.initRemoteRegionRegistry] (AbstractInstanceRegistry.java:153) Finished initializing remote region registries. All known remote regions: []
2020-07-21 22:59:51.889 INFO  [main] [c.n.e.DefaultEurekaServerContext.initialize] (DefaultEurekaServerContext.java:73) Initialized
2020-07-21 22:59:51.901 INFO  [main] [o.s.b.a.e.web.EndpointLinksResolver.<init>] (EndpointLinksResolver.java:58) Exposing 2 endpoint(s) beneath base path '/actuator'
2020-07-21 22:59:51.925 INFO  [main] [o.s.c.n.e.s.EurekaServiceRegistry.register] (EurekaServiceRegistry.java:41) Registering application DEMO-SPRING-EUREKA with eureka with status UP
2020-07-21 22:59:51.927 INFO  [Thread-13] [o.s.c.n.e.s.EurekaServerBootstrap.initEurekaEnvironment] (EurekaServerBootstrap.java:110) Setting the eureka configuration..
2020-07-21 22:59:51.927 INFO  [Thread-13] [o.s.c.n.e.s.EurekaServerBootstrap.initEurekaEnvironment] (EurekaServerBootstrap.java:115) Eureka data center value eureka.datacenter is not set, defaulting to default
2020-07-21 22:59:51.928 INFO  [Thread-13] [o.s.c.n.e.s.EurekaServerBootstrap.initEurekaEnvironment] (EurekaServerBootstrap.java:129) Eureka environment value eureka.environment is not set, defaulting to test
2020-07-21 22:59:51.940 INFO  [Thread-13] [o.s.c.n.e.s.EurekaServerBootstrap.isAws] (EurekaServerBootstrap.java:188) isAws returned false
2020-07-21 22:59:51.940 INFO  [main] [org.apache.juli.logging.DirectJDKLog.log] (DirectJDKLog.java:173) Starting ProtocolHandler ["http-nio-8083"]
2020-07-21 22:59:51.941 INFO  [Thread-13] [o.s.c.n.e.s.EurekaServerBootstrap.initEurekaServerContext] (EurekaServerBootstrap.java:153) Initialized server context
2020-07-21 22:59:51.941 INFO  [Thread-13] [c.n.e.r.PeerAwareInstanceRegistryImpl.openForTraffic] (PeerAwareInstanceRegistryImpl.java:242) Got 1 instances from neighboring DS node
2020-07-21 22:59:51.941 INFO  [Thread-13] [c.n.e.r.PeerAwareInstanceRegistryImpl.openForTraffic] (PeerAwareInstanceRegistryImpl.java:243) Renew threshold is: 1
2020-07-21 22:59:51.941 INFO  [Thread-13] [c.n.e.r.PeerAwareInstanceRegistryImpl.openForTraffic] (PeerAwareInstanceRegistryImpl.java:254) Changing status to UP
2020-07-21 22:59:51.950 INFO  [Thread-13] [o.s.c.n.e.s.EurekaServerInitializerConfiguration.lambda$start$0] (EurekaServerInitializerConfiguration.java:72) Started Eureka Server
2020-07-21 22:59:51.976 INFO  [main] [o.s.b.w.e.tomcat.TomcatWebServer.start] (TomcatWebServer.java:204) Tomcat started on port(s): 8083 (http) with context path ''
2020-07-21 22:59:51.977 INFO  [main] [o.s.c.n.e.s.EurekaAutoServiceRegistration.onApplicationEvent] (EurekaAutoServiceRegistration.java:145) Updating port to 8083
2020-07-21 22:59:51.981 INFO  [main] [o.s.boot.StartupInfoLogger.logStarted] (StartupInfoLogger.java:61) Started DemoEureka in 4.989 seconds (JVM running for 5.51)
2020-07-21 23:00:41.704 INFO  [http-nio-8083-exec-1] [org.apache.juli.logging.DirectJDKLog.log] (DirectJDKLog.java:173) Initializing Spring DispatcherServlet 'dispatcherServlet'
2020-07-21 23:00:41.704 INFO  [http-nio-8083-exec-1] [o.s.web.servlet.FrameworkServlet.initServletBean] (FrameworkServlet.java:525) Initializing Servlet 'dispatcherServlet'
2020-07-21 23:00:41.715 INFO  [http-nio-8083-exec-1] [o.s.web.servlet.FrameworkServlet.initServletBean] (FrameworkServlet.java:547) Completed initialization in 11 ms
2020-07-21 23:00:51.947 INFO  [Eureka-EvictionTimer] [c.n.e.r.AbstractInstanceRegistry$EvictionTask.run] (AbstractInstanceRegistry.java:1247) Running the evict task with compensationTime 0ms
